{"C:\\Users\\ma177\\PycharmProjects\\10x-project\\src\\components\\LoginForm.tsx": {"path":"C:\\Users\\ma177\\PycharmProjects\\10x-project\\src\\components\\LoginForm.tsx","statementMap":{"0":{"start":{"line":8,"column":20},"end":{"line":11,"column":null}},"1":{"start":{"line":22,"column":32},"end":{"line":24,"column":null}},"2":{"start":{"line":27,"column":32},"end":{"line":27,"column":null}},"3":{"start":{"line":28,"column":32},"end":{"line":28,"column":null}},"4":{"start":{"line":30,"column":23},"end":{"line":64,"column":null}},"5":{"start":{"line":31,"column":4},"end":{"line":31,"column":null}},"6":{"start":{"line":32,"column":4},"end":{"line":32,"column":null}},"7":{"start":{"line":33,"column":4},"end":{"line":33,"column":null}},"8":{"start":{"line":35,"column":21},"end":{"line":35,"column":null}},"9":{"start":{"line":36,"column":18},"end":{"line":36,"column":null}},"10":{"start":{"line":37,"column":21},"end":{"line":37,"column":null}},"11":{"start":{"line":39,"column":19},"end":{"line":39,"column":null}},"12":{"start":{"line":40,"column":4},"end":{"line":44,"column":null}},"13":{"start":{"line":41,"column":6},"end":{"line":41,"column":null}},"14":{"start":{"line":42,"column":6},"end":{"line":42,"column":null}},"15":{"start":{"line":43,"column":6},"end":{"line":43,"column":null}},"16":{"start":{"line":46,"column":4},"end":{"line":63,"column":null}},"17":{"start":{"line":47,"column":23},"end":{"line":51,"column":null}},"18":{"start":{"line":53,"column":6},"end":{"line":58,"column":null}},"19":{"start":{"line":54,"column":26},"end":{"line":54,"column":null}},"20":{"start":{"line":55,"column":8},"end":{"line":55,"column":null}},"21":{"start":{"line":57,"column":8},"end":{"line":57,"column":null}},"22":{"start":{"line":60,"column":6},"end":{"line":60,"column":null}},"23":{"start":{"line":62,"column":6},"end":{"line":62,"column":null}},"24":{"start":{"line":66,"column":2},"end":{"line":105,"column":null}}},"fnMap":{"0":{"name":"LoginForm","decl":{"start":{"line":26,"column":16},"end":{"line":26,"column":28}},"loc":{"start":{"line":26,"column":28},"end":{"line":107,"column":null}},"line":26},"1":{"name":"(anonymous_1)","decl":{"start":{"line":30,"column":23},"end":{"line":30,"column":30}},"loc":{"start":{"line":30,"column":70},"end":{"line":64,"column":null}},"line":30}},"branchMap":{"0":{"loc":{"start":{"line":40,"column":4},"end":{"line":44,"column":null}},"type":"if","locations":[{"start":{"line":40,"column":4},"end":{"line":44,"column":null}},{"start":{},"end":{}}],"line":40},"1":{"loc":{"start":{"line":53,"column":6},"end":{"line":58,"column":null}},"type":"if","locations":[{"start":{"line":53,"column":6},"end":{"line":58,"column":null}},{"start":{"line":56,"column":13},"end":{"line":58,"column":null}}],"line":53},"2":{"loc":{"start":{"line":77,"column":13},"end":{"line":77,"column":null}},"type":"binary-expr","locations":[{"start":{"line":77,"column":13},"end":{"line":77,"column":47}},{"start":{"line":77,"column":47},"end":{"line":77,"column":null}}],"line":77},"3":{"loc":{"start":{"line":82,"column":13},"end":{"line":83,"column":null}},"type":"binary-expr","locations":[{"start":{"line":82,"column":13},"end":{"line":82,"column":null}},{"start":{"line":83,"column":14},"end":{"line":83,"column":null}}],"line":82},"4":{"loc":{"start":{"line":86,"column":11},"end":{"line":86,"column":null}},"type":"binary-expr","locations":[{"start":{"line":86,"column":11},"end":{"line":86,"column":36}},{"start":{"line":86,"column":36},"end":{"line":86,"column":null}}],"line":86},"5":{"loc":{"start":{"line":90,"column":13},"end":{"line":90,"column":null}},"type":"cond-expr","locations":[{"start":{"line":90,"column":25},"end":{"line":90,"column":42}},{"start":{"line":90,"column":42},"end":{"line":90,"column":null}}],"line":90}},"s":{"0":1,"1":1,"2":1,"3":1,"4":1,"5":0,"6":0,"7":0,"8":0,"9":0,"10":0,"11":0,"12":0,"13":0,"14":0,"15":0,"16":0,"17":0,"18":0,"19":0,"20":0,"21":0,"22":0,"23":0,"24":1},"f":{"0":1,"1":0},"b":{"0":[0,0],"1":[0,0],"2":[1,0],"3":[1,0],"4":[1,0],"5":[0,1]},"meta":{"lastBranch":6,"lastFunction":2,"lastStatement":25,"seen":{"s:8:20:11:Infinity":0,"s:22:32:24:Infinity":1,"f:26:16:26:28":0,"s:27:32:27:Infinity":2,"s:28:32:28:Infinity":3,"s:30:23:64:Infinity":4,"f:30:23:30:30":1,"s:31:4:31:Infinity":5,"s:32:4:32:Infinity":6,"s:33:4:33:Infinity":7,"s:35:21:35:Infinity":8,"s:36:18:36:Infinity":9,"s:37:21:37:Infinity":10,"s:39:19:39:Infinity":11,"b:40:4:44:Infinity:undefined:undefined:undefined:undefined":0,"s:40:4:44:Infinity":12,"s:41:6:41:Infinity":13,"s:42:6:42:Infinity":14,"s:43:6:43:Infinity":15,"s:46:4:63:Infinity":16,"s:47:23:51:Infinity":17,"b:53:6:58:Infinity:56:13:58:Infinity":1,"s:53:6:58:Infinity":18,"s:54:26:54:Infinity":19,"s:55:8:55:Infinity":20,"s:57:8:57:Infinity":21,"s:60:6:60:Infinity":22,"s:62:6:62:Infinity":23,"s:66:2:105:Infinity":24,"b:77:13:77:47:77:47:77:Infinity":2,"b:82:13:82:Infinity:83:14:83:Infinity":3,"b:86:11:86:36:86:36:86:Infinity":4,"b:90:25:90:42:90:42:90:Infinity":5}}}
,"C:\\Users\\ma177\\PycharmProjects\\10x-project\\src\\components\\flashcards\\EditFlashcardDialog.tsx": {"path":"C:\\Users\\ma177\\PycharmProjects\\10x-project\\src\\components\\flashcards\\EditFlashcardDialog.tsx","statementMap":{"0":{"start":{"line":12,"column":0},"end":{"line":12,"column":null}},"1":{"start":{"line":22,"column":19},"end":{"line":26,"column":null}},"2":{"start":{"line":23,"column":2},"end":{"line":26,"column":null}},"3":{"start":{"line":29,"column":23},"end":{"line":31,"column":null}},"4":{"start":{"line":30,"column":4},"end":{"line":30,"column":null}},"5":{"start":{"line":33,"column":2},"end":{"line":43,"column":null}}},"fnMap":{"0":{"name":"(anonymous_0)","decl":{"start":{"line":22,"column":19},"end":{"line":22,"column":null}},"loc":{"start":{"line":23,"column":2},"end":{"line":26,"column":null}},"line":23},"1":{"name":"EditFlashcardDialog","decl":{"start":{"line":28,"column":16},"end":{"line":28,"column":36}},"loc":{"start":{"line":28,"column":109},"end":{"line":45,"column":null}},"line":28},"2":{"name":"(anonymous_2)","decl":{"start":{"line":29,"column":23},"end":{"line":29,"column":24}},"loc":{"start":{"line":29,"column":75},"end":{"line":31,"column":null}},"line":29}},"branchMap":{},"s":{"0":1,"1":1,"2":0,"3":0,"4":0,"5":0},"f":{"0":0,"1":0,"2":0},"b":{},"meta":{"lastBranch":0,"lastFunction":3,"lastStatement":6,"seen":{"s:12:0:12:Infinity":0,"s:22:19:26:Infinity":1,"f:22:19:22:Infinity":0,"s:23:2:26:Infinity":2,"f:28:16:28:36":1,"s:29:23:31:Infinity":3,"f:29:23:29:24":2,"s:30:4:30:Infinity":4,"s:33:2:43:Infinity":5}}}
,"C:\\Users\\ma177\\PycharmProjects\\10x-project\\src\\components\\flashcards\\FlashcardForm.tsx": {"path":"C:\\Users\\ma177\\PycharmProjects\\10x-project\\src\\components\\flashcards\\FlashcardForm.tsx","statementMap":{"0":{"start":{"line":10,"column":0},"end":{"line":10,"column":null}},"1":{"start":{"line":13,"column":19},"end":{"line":16,"column":null}},"2":{"start":{"line":25,"column":8},"end":{"line":31,"column":null}},"3":{"start":{"line":33,"column":2},"end":{"line":66,"column":null}},"4":{"start":{"line":40,"column":12},"end":{"line":46,"column":null}},"5":{"start":{"line":53,"column":12},"end":{"line":59,"column":null}}},"fnMap":{"0":{"name":"FlashcardForm","decl":{"start":{"line":24,"column":16},"end":{"line":24,"column":30}},"loc":{"start":{"line":24,"column":89},"end":{"line":68,"column":null}},"line":24},"1":{"name":"(anonymous_1)","decl":{"start":{"line":39,"column":18},"end":{"line":39,"column":19}},"loc":{"start":{"line":40,"column":12},"end":{"line":46,"column":null}},"line":40},"2":{"name":"(anonymous_2)","decl":{"start":{"line":52,"column":18},"end":{"line":52,"column":19}},"loc":{"start":{"line":53,"column":12},"end":{"line":59,"column":null}},"line":53}},"branchMap":{"0":{"loc":{"start":{"line":28,"column":13},"end":{"line":28,"column":null}},"type":"binary-expr","locations":[{"start":{"line":28,"column":13},"end":{"line":28,"column":33}},{"start":{"line":28,"column":33},"end":{"line":28,"column":null}}],"line":28},"1":{"loc":{"start":{"line":29,"column":12},"end":{"line":29,"column":null}},"type":"binary-expr","locations":[{"start":{"line":29,"column":12},"end":{"line":29,"column":31}},{"start":{"line":29,"column":31},"end":{"line":29,"column":null}}],"line":29},"2":{"loc":{"start":{"line":63,"column":11},"end":{"line":63,"column":null}},"type":"cond-expr","locations":[{"start":{"line":63,"column":26},"end":{"line":63,"column":45}},{"start":{"line":63,"column":45},"end":{"line":63,"column":null}}],"line":63}},"s":{"0":1,"1":1,"2":0,"3":0,"4":0,"5":0},"f":{"0":0,"1":0,"2":0},"b":{"0":[0,0],"1":[0,0],"2":[0,0]},"meta":{"lastBranch":3,"lastFunction":3,"lastStatement":6,"seen":{"s:10:0:10:Infinity":0,"s:13:19:16:Infinity":1,"f:24:16:24:30":0,"s:25:8:31:Infinity":2,"b:28:13:28:33:28:33:28:Infinity":0,"b:29:12:29:31:29:31:29:Infinity":1,"s:33:2:66:Infinity":3,"f:39:18:39:19":1,"s:40:12:46:Infinity":4,"f:52:18:52:19":2,"s:53:12:59:Infinity":5,"b:63:26:63:45:63:45:63:Infinity":2}}}
,"C:\\Users\\ma177\\PycharmProjects\\10x-project\\src\\components\\flashcards\\FlashcardsClient.tsx": {"path":"C:\\Users\\ma177\\PycharmProjects\\10x-project\\src\\components\\flashcards\\FlashcardsClient.tsx","statementMap":{"0":{"start":{"line":9,"column":0},"end":{"line":9,"column":null}},"1":{"start":{"line":14,"column":19},"end":{"line":14,"column":null}},"2":{"start":{"line":15,"column":2},"end":{"line":17,"column":null}},"3":{"start":{"line":16,"column":4},"end":{"line":16,"column":null}},"4":{"start":{"line":18,"column":2},"end":{"line":18,"column":null}},"5":{"start":{"line":22,"column":19},"end":{"line":28,"column":null}},"6":{"start":{"line":30,"column":2},"end":{"line":32,"column":null}},"7":{"start":{"line":31,"column":4},"end":{"line":31,"column":null}},"8":{"start":{"line":36,"column":19},"end":{"line":38,"column":null}},"9":{"start":{"line":40,"column":2},"end":{"line":42,"column":null}},"10":{"start":{"line":41,"column":4},"end":{"line":41,"column":null}},"11":{"start":{"line":45,"column":25},"end":{"line":106,"column":null}},"12":{"start":{"line":46,"column":36},"end":{"line":46,"column":null}},"13":{"start":{"line":47,"column":8},"end":{"line":47,"column":null}},"14":{"start":{"line":48,"column":33},"end":{"line":51,"column":null}},"15":{"start":{"line":53,"column":8},"end":{"line":58,"column":null}},"16":{"start":{"line":56,"column":6},"end":{"line":56,"column":null}},"17":{"start":{"line":60,"column":8},"end":{"line":65,"column":null}},"18":{"start":{"line":63,"column":6},"end":{"line":63,"column":null}},"19":{"start":{"line":67,"column":2},"end":{"line":69,"column":null}},"20":{"start":{"line":68,"column":4},"end":{"line":68,"column":null}},"21":{"start":{"line":71,"column":2},"end":{"line":73,"column":null}},"22":{"start":{"line":72,"column":4},"end":{"line":72,"column":null}},"23":{"start":{"line":75,"column":21},"end":{"line":75,"column":null}},"24":{"start":{"line":77,"column":2},"end":{"line":104,"column":null}},"25":{"start":{"line":80,"column":57},"end":{"line":80,"column":80}},"26":{"start":{"line":86,"column":37},"end":{"line":86,"column":59}},"27":{"start":{"line":96,"column":38},"end":{"line":96,"column":null}},"28":{"start":{"line":97,"column":32},"end":{"line":97,"column":null}}},"fnMap":{"0":{"name":"getFlashcards","decl":{"start":{"line":13,"column":15},"end":{"line":13,"column":78}},"loc":{"start":{"line":13,"column":78},"end":{"line":19,"column":null}},"line":13},"1":{"name":"updateFlashcard","decl":{"start":{"line":21,"column":15},"end":{"line":21,"column":31}},"loc":{"start":{"line":21,"column":79},"end":{"line":33,"column":null}},"line":21},"2":{"name":"deleteFlashcard","decl":{"start":{"line":35,"column":15},"end":{"line":35,"column":31}},"loc":{"start":{"line":35,"column":43},"end":{"line":43,"column":null}},"line":35},"3":{"name":"(anonymous_3)","decl":{"start":{"line":45,"column":25},"end":{"line":45,"column":31}},"loc":{"start":{"line":45,"column":31},"end":{"line":106,"column":null}},"line":45},"4":{"name":"(anonymous_4)","decl":{"start":{"line":55,"column":15},"end":{"line":55,"column":21}},"loc":{"start":{"line":55,"column":21},"end":{"line":57,"column":null}},"line":55},"5":{"name":"(anonymous_5)","decl":{"start":{"line":62,"column":15},"end":{"line":62,"column":21}},"loc":{"start":{"line":62,"column":21},"end":{"line":64,"column":null}},"line":62},"6":{"name":"(anonymous_6)","decl":{"start":{"line":80,"column":51},"end":{"line":80,"column":57}},"loc":{"start":{"line":80,"column":57},"end":{"line":80,"column":80}},"line":80},"7":{"name":"(anonymous_7)","decl":{"start":{"line":86,"column":31},"end":{"line":86,"column":37}},"loc":{"start":{"line":86,"column":37},"end":{"line":86,"column":59}},"line":86},"8":{"name":"(anonymous_8)","decl":{"start":{"line":96,"column":24},"end":{"line":96,"column":25}},"loc":{"start":{"line":96,"column":38},"end":{"line":96,"column":null}},"line":96},"9":{"name":"(anonymous_9)","decl":{"start":{"line":97,"column":24},"end":{"line":97,"column":25}},"loc":{"start":{"line":97,"column":32},"end":{"line":97,"column":null}},"line":97}},"branchMap":{"0":{"loc":{"start":{"line":15,"column":2},"end":{"line":17,"column":null}},"type":"if","locations":[{"start":{"line":15,"column":2},"end":{"line":17,"column":null}},{"start":{},"end":{}}],"line":15},"1":{"loc":{"start":{"line":30,"column":2},"end":{"line":32,"column":null}},"type":"if","locations":[{"start":{"line":30,"column":2},"end":{"line":32,"column":null}},{"start":{},"end":{}}],"line":30},"2":{"loc":{"start":{"line":40,"column":2},"end":{"line":42,"column":null}},"type":"if","locations":[{"start":{"line":40,"column":2},"end":{"line":42,"column":null}},{"start":{},"end":{}}],"line":40},"3":{"loc":{"start":{"line":67,"column":2},"end":{"line":69,"column":null}},"type":"if","locations":[{"start":{"line":67,"column":2},"end":{"line":69,"column":null}},{"start":{},"end":{}}],"line":67},"4":{"loc":{"start":{"line":71,"column":2},"end":{"line":73,"column":null}},"type":"if","locations":[{"start":{"line":71,"column":2},"end":{"line":73,"column":null}},{"start":{},"end":{}}],"line":71},"5":{"loc":{"start":{"line":75,"column":21},"end":{"line":75,"column":null}},"type":"binary-expr","locations":[{"start":{"line":75,"column":21},"end":{"line":75,"column":35}},{"start":{"line":75,"column":35},"end":{"line":75,"column":null}}],"line":75},"6":{"loc":{"start":{"line":79,"column":7},"end":{"line":102,"column":null}},"type":"cond-expr","locations":[{"start":{"line":80,"column":8},"end":{"line":80,"column":null}},{"start":{"line":82,"column":8},"end":{"line":102,"column":null}}],"line":79},"7":{"loc":{"start":{"line":79,"column":7},"end":{"line":79,"column":null}},"type":"binary-expr","locations":[{"start":{"line":79,"column":7},"end":{"line":79,"column":22}},{"start":{"line":79,"column":22},"end":{"line":79,"column":null}}],"line":79}},"s":{"0":1,"1":1,"2":0,"3":0,"4":0,"5":0,"6":0,"7":0,"8":0,"9":0,"10":0,"11":1,"12":1,"13":1,"14":1,"15":1,"16":0,"17":1,"18":0,"19":1,"20":1,"21":0,"22":0,"23":0,"24":1,"25":0,"26":0,"27":0,"28":0},"f":{"0":1,"1":0,"2":0,"3":1,"4":0,"5":0,"6":0,"7":0,"8":0,"9":0},"b":{"0":[0,0],"1":[0,0],"2":[0,0],"3":[1,0],"4":[0,0],"5":[0,0],"6":[0,0],"7":[1,0]},"meta":{"lastBranch":8,"lastFunction":10,"lastStatement":29,"seen":{"s:9:0:9:Infinity":0,"f:13:15:13:78":0,"s:14:19:14:Infinity":1,"b:15:2:17:Infinity:undefined:undefined:undefined:undefined":0,"s:15:2:17:Infinity":2,"s:16:4:16:Infinity":3,"s:18:2:18:Infinity":4,"f:21:15:21:31":1,"s:22:19:28:Infinity":5,"b:30:2:32:Infinity:undefined:undefined:undefined:undefined":1,"s:30:2:32:Infinity":6,"s:31:4:31:Infinity":7,"f:35:15:35:31":2,"s:36:19:38:Infinity":8,"b:40:2:42:Infinity:undefined:undefined:undefined:undefined":2,"s:40:2:42:Infinity":9,"s:41:4:41:Infinity":10,"s:45:25:106:Infinity":11,"f:45:25:45:31":3,"s:46:36:46:Infinity":12,"s:47:8:47:Infinity":13,"s:48:33:51:Infinity":14,"s:53:8:58:Infinity":15,"f:55:15:55:21":4,"s:56:6:56:Infinity":16,"s:60:8:65:Infinity":17,"f:62:15:62:21":5,"s:63:6:63:Infinity":18,"b:67:2:69:Infinity:undefined:undefined:undefined:undefined":3,"s:67:2:69:Infinity":19,"s:68:4:68:Infinity":20,"b:71:2:73:Infinity:undefined:undefined:undefined:undefined":4,"s:71:2:73:Infinity":21,"s:72:4:72:Infinity":22,"s:75:21:75:Infinity":23,"b:75:21:75:35:75:35:75:Infinity":5,"s:77:2:104:Infinity":24,"b:80:8:80:Infinity:82:8:102:Infinity":6,"b:79:7:79:22:79:22:79:Infinity":7,"f:80:51:80:57":6,"s:80:57:80:80":25,"f:86:31:86:37":7,"s:86:37:86:59":26,"f:96:24:96:25":8,"s:96:38:96:Infinity":27,"f:97:24:97:25":9,"s:97:32:97:Infinity":28}}}
,"C:\\Users\\ma177\\PycharmProjects\\10x-project\\src\\components\\flashcards\\columns.tsx": {"path":"C:\\Users\\ma177\\PycharmProjects\\10x-project\\src\\components\\flashcards\\columns.tsx","statementMap":{"0":{"start":{"line":16,"column":0},"end":{"line":16,"column":null}},"1":{"start":{"line":19,"column":19},"end":{"line":22,"column":null}},"2":{"start":{"line":30,"column":23},"end":{"line":90,"column":null}},"3":{"start":{"line":30,"column":101},"end":{"line":90,"column":null}},"4":{"start":{"line":34,"column":6},"end":{"line":38,"column":null}},"5":{"start":{"line":35,"column":47},"end":{"line":35,"column":101}},"6":{"start":{"line":49,"column":6},"end":{"line":53,"column":null}},"7":{"start":{"line":50,"column":47},"end":{"line":50,"column":101}},"8":{"start":{"line":56,"column":23},"end":{"line":56,"column":null}},"9":{"start":{"line":61,"column":24},"end":{"line":61,"column":null}},"10":{"start":{"line":63,"column":6},"end":{"line":86,"column":null}},"11":{"start":{"line":73,"column":45},"end":{"line":73,"column":101}},"12":{"start":{"line":82,"column":70},"end":{"line":82,"column":94}}},"fnMap":{"0":{"name":"(anonymous_0)","decl":{"start":{"line":30,"column":23},"end":{"line":30,"column":24}},"loc":{"start":{"line":30,"column":101},"end":{"line":90,"column":null}},"line":30},"1":{"name":"(anonymous_1)","decl":{"start":{"line":33,"column":12},"end":{"line":33,"column":13}},"loc":{"start":{"line":33,"column":28},"end":{"line":40,"column":null}},"line":33},"2":{"name":"(anonymous_2)","decl":{"start":{"line":35,"column":41},"end":{"line":35,"column":47}},"loc":{"start":{"line":35,"column":47},"end":{"line":35,"column":101}},"line":35},"3":{"name":"(anonymous_3)","decl":{"start":{"line":48,"column":12},"end":{"line":48,"column":13}},"loc":{"start":{"line":48,"column":28},"end":{"line":55,"column":null}},"line":48},"4":{"name":"(anonymous_4)","decl":{"start":{"line":50,"column":41},"end":{"line":50,"column":47}},"loc":{"start":{"line":50,"column":47},"end":{"line":50,"column":101}},"line":50},"5":{"name":"(anonymous_5)","decl":{"start":{"line":56,"column":10},"end":{"line":56,"column":11}},"loc":{"start":{"line":56,"column":23},"end":{"line":56,"column":null}},"line":56},"6":{"name":"(anonymous_6)","decl":{"start":{"line":60,"column":10},"end":{"line":60,"column":11}},"loc":{"start":{"line":60,"column":23},"end":{"line":88,"column":null}},"line":60},"7":{"name":"(anonymous_7)","decl":{"start":{"line":73,"column":39},"end":{"line":73,"column":45}},"loc":{"start":{"line":73,"column":45},"end":{"line":73,"column":101}},"line":73},"8":{"name":"(anonymous_8)","decl":{"start":{"line":82,"column":64},"end":{"line":82,"column":70}},"loc":{"start":{"line":82,"column":70},"end":{"line":82,"column":94}},"line":82}},"branchMap":{},"s":{"0":1,"1":1,"2":1,"3":0,"4":0,"5":0,"6":0,"7":0,"8":0,"9":0,"10":0,"11":0,"12":0},"f":{"0":0,"1":0,"2":0,"3":0,"4":0,"5":0,"6":0,"7":0,"8":0},"b":{},"meta":{"lastBranch":0,"lastFunction":9,"lastStatement":13,"seen":{"s:16:0:16:Infinity":0,"s:19:19:22:Infinity":1,"s:30:23:90:Infinity":2,"f:30:23:30:24":0,"s:30:101:90:Infinity":3,"f:33:12:33:13":1,"s:34:6:38:Infinity":4,"f:35:41:35:47":2,"s:35:47:35:101":5,"f:48:12:48:13":3,"s:49:6:53:Infinity":6,"f:50:41:50:47":4,"s:50:47:50:101":7,"f:56:10:56:11":5,"s:56:23:56:Infinity":8,"f:60:10:60:11":6,"s:61:24:61:Infinity":9,"s:63:6:86:Infinity":10,"f:73:39:73:45":7,"s:73:45:73:101":11,"f:82:64:82:70":8,"s:82:70:82:94":12}}}
,"C:\\Users\\ma177\\PycharmProjects\\10x-project\\src\\components\\generation\\GenerationForm.tsx": {"path":"C:\\Users\\ma177\\PycharmProjects\\10x-project\\src\\components\\generation\\GenerationForm.tsx","statementMap":{"0":{"start":{"line":12,"column":19},"end":{"line":12,"column":null}},"1":{"start":{"line":13,"column":19},"end":{"line":13,"column":null}},"2":{"start":{"line":15,"column":61},"end":{"line":43,"column":null}},"3":{"start":{"line":21,"column":22},"end":{"line":21,"column":null}},"4":{"start":{"line":22,"column":27},"end":{"line":22,"column":null}},"5":{"start":{"line":24,"column":2},"end":{"line":41,"column":null}},"6":{"start":{"line":28,"column":25},"end":{"line":28,"column":null}}},"fnMap":{"0":{"name":"(anonymous_0)","decl":{"start":{"line":15,"column":61},"end":{"line":15,"column":62}},"loc":{"start":{"line":20,"column":6},"end":{"line":43,"column":null}},"line":20},"1":{"name":"(anonymous_1)","decl":{"start":{"line":28,"column":18},"end":{"line":28,"column":19}},"loc":{"start":{"line":28,"column":25},"end":{"line":28,"column":null}},"line":28}},"branchMap":{"0":{"loc":{"start":{"line":21,"column":22},"end":{"line":21,"column":null}},"type":"binary-expr","locations":[{"start":{"line":21,"column":22},"end":{"line":21,"column":57}},{"start":{"line":21,"column":57},"end":{"line":21,"column":null}}],"line":21},"1":{"loc":{"start":{"line":22,"column":27},"end":{"line":22,"column":null}},"type":"binary-expr","locations":[{"start":{"line":22,"column":27},"end":{"line":22,"column":43}},{"start":{"line":22,"column":43},"end":{"line":22,"column":null}}],"line":22},"2":{"loc":{"start":{"line":38,"column":11},"end":{"line":38,"column":null}},"type":"cond-expr","locations":[{"start":{"line":38,"column":26},"end":{"line":38,"column":45}},{"start":{"line":38,"column":45},"end":{"line":38,"column":null}}],"line":38}},"s":{"0":1,"1":1,"2":1,"3":4,"4":4,"5":4,"6":0},"f":{"0":4,"1":0},"b":{"0":[4,3],"1":[4,3],"2":[1,3]},"meta":{"lastBranch":3,"lastFunction":2,"lastStatement":7,"seen":{"s:12:19:12:Infinity":0,"s:13:19:13:Infinity":1,"s:15:61:43:Infinity":2,"f:15:61:15:62":0,"s:21:22:21:Infinity":3,"b:21:22:21:57:21:57:21:Infinity":0,"s:22:27:22:Infinity":4,"b:22:27:22:43:22:43:22:Infinity":1,"s:24:2:41:Infinity":5,"f:28:18:28:19":1,"s:28:25:28:Infinity":6,"b:38:26:38:45:38:45:38:Infinity":2}}}
,"C:\\Users\\ma177\\PycharmProjects\\10x-project\\src\\components\\ui\\button.tsx": {"path":"C:\\Users\\ma177\\PycharmProjects\\10x-project\\src\\components\\ui\\button.tsx","statementMap":{"0":{"start":{"line":7,"column":6},"end":{"line":33,"column":null}},"1":{"start":{"line":45,"column":15},"end":{"line":45,"column":null}},"2":{"start":{"line":47,"column":2},"end":{"line":47,"column":null}}},"fnMap":{"0":{"name":"Button","decl":{"start":{"line":35,"column":9},"end":{"line":35,"column":16}},"loc":{"start":{"line":44,"column":5},"end":{"line":48,"column":null}},"line":44}},"branchMap":{"0":{"loc":{"start":{"line":39,"column":2},"end":{"line":39,"column":null}},"type":"default-arg","locations":[{"start":{"line":39,"column":12},"end":{"line":39,"column":null}}],"line":39},"1":{"loc":{"start":{"line":45,"column":15},"end":{"line":45,"column":null}},"type":"cond-expr","locations":[{"start":{"line":45,"column":25},"end":{"line":45,"column":32}},{"start":{"line":45,"column":32},"end":{"line":45,"column":null}}],"line":45}},"s":{"0":3,"1":5,"2":5},"f":{"0":5},"b":{"0":[5],"1":[0,5]},"meta":{"lastBranch":2,"lastFunction":1,"lastStatement":3,"seen":{"s:7:6:33:Infinity":0,"f:35:9:35:16":0,"b:39:12:39:Infinity":0,"s:45:15:45:Infinity":1,"b:45:25:45:32:45:32:45:Infinity":1,"s:47:2:47:Infinity":2}}}
,"C:\\Users\\ma177\\PycharmProjects\\10x-project\\src\\components\\ui\\card.tsx": {"path":"C:\\Users\\ma177\\PycharmProjects\\10x-project\\src\\components\\ui\\card.tsx","statementMap":{"0":{"start":{"line":6,"column":2},"end":{"line":11,"column":null}},"1":{"start":{"line":16,"column":2},"end":{"line":24,"column":null}},"2":{"start":{"line":29,"column":2},"end":{"line":29,"column":null}},"3":{"start":{"line":33,"column":2},"end":{"line":33,"column":null}},"4":{"start":{"line":37,"column":2},"end":{"line":42,"column":null}},"5":{"start":{"line":47,"column":2},"end":{"line":47,"column":null}},"6":{"start":{"line":51,"column":2},"end":{"line":52,"column":null}}},"fnMap":{"0":{"name":"Card","decl":{"start":{"line":5,"column":9},"end":{"line":5,"column":14}},"loc":{"start":{"line":5,"column":68},"end":{"line":13,"column":null}},"line":5},"1":{"name":"CardHeader","decl":{"start":{"line":15,"column":9},"end":{"line":15,"column":20}},"loc":{"start":{"line":15,"column":74},"end":{"line":26,"column":null}},"line":15},"2":{"name":"CardTitle","decl":{"start":{"line":28,"column":9},"end":{"line":28,"column":19}},"loc":{"start":{"line":28,"column":73},"end":{"line":30,"column":null}},"line":28},"3":{"name":"CardDescription","decl":{"start":{"line":32,"column":9},"end":{"line":32,"column":25}},"loc":{"start":{"line":32,"column":79},"end":{"line":34,"column":null}},"line":32},"4":{"name":"CardAction","decl":{"start":{"line":36,"column":9},"end":{"line":36,"column":20}},"loc":{"start":{"line":36,"column":74},"end":{"line":44,"column":null}},"line":36},"5":{"name":"CardContent","decl":{"start":{"line":46,"column":9},"end":{"line":46,"column":21}},"loc":{"start":{"line":46,"column":75},"end":{"line":48,"column":null}},"line":46},"6":{"name":"CardFooter","decl":{"start":{"line":50,"column":9},"end":{"line":50,"column":20}},"loc":{"start":{"line":50,"column":74},"end":{"line":54,"column":null}},"line":50}},"branchMap":{},"s":{"0":1,"1":1,"2":1,"3":1,"4":0,"5":1,"6":1},"f":{"0":1,"1":1,"2":1,"3":1,"4":0,"5":1,"6":1},"b":{},"meta":{"lastBranch":0,"lastFunction":7,"lastStatement":7,"seen":{"f:5:9:5:14":0,"s:6:2:11:Infinity":0,"f:15:9:15:20":1,"s:16:2:24:Infinity":1,"f:28:9:28:19":2,"s:29:2:29:Infinity":2,"f:32:9:32:25":3,"s:33:2:33:Infinity":3,"f:36:9:36:20":4,"s:37:2:42:Infinity":4,"f:46:9:46:21":5,"s:47:2:47:Infinity":5,"f:50:9:50:20":6,"s:51:2:52:Infinity":6}}}
,"C:\\Users\\ma177\\PycharmProjects\\10x-project\\src\\components\\ui\\dialog.tsx": {"path":"C:\\Users\\ma177\\PycharmProjects\\10x-project\\src\\components\\ui\\dialog.tsx","statementMap":{"0":{"start":{"line":8,"column":2},"end":{"line":8,"column":null}},"1":{"start":{"line":12,"column":2},"end":{"line":12,"column":null}},"2":{"start":{"line":16,"column":2},"end":{"line":16,"column":null}},"3":{"start":{"line":20,"column":2},"end":{"line":20,"column":null}},"4":{"start":{"line":24,"column":2},"end":{"line":32,"column":null}},"5":{"start":{"line":44,"column":2},"end":{"line":66,"column":null}},"6":{"start":{"line":71,"column":2},"end":{"line":76,"column":null}},"7":{"start":{"line":81,"column":2},"end":{"line":86,"column":null}},"8":{"start":{"line":91,"column":2},"end":{"line":96,"column":null}},"9":{"start":{"line":101,"column":2},"end":{"line":106,"column":null}}},"fnMap":{"0":{"name":"Dialog","decl":{"start":{"line":7,"column":9},"end":{"line":7,"column":16}},"loc":{"start":{"line":7,"column":81},"end":{"line":9,"column":null}},"line":7},"1":{"name":"DialogTrigger","decl":{"start":{"line":11,"column":9},"end":{"line":11,"column":23}},"loc":{"start":{"line":11,"column":91},"end":{"line":13,"column":null}},"line":11},"2":{"name":"DialogPortal","decl":{"start":{"line":15,"column":9},"end":{"line":15,"column":22}},"loc":{"start":{"line":15,"column":89},"end":{"line":17,"column":null}},"line":15},"3":{"name":"DialogClose","decl":{"start":{"line":19,"column":9},"end":{"line":19,"column":21}},"loc":{"start":{"line":19,"column":87},"end":{"line":21,"column":null}},"line":19},"4":{"name":"DialogOverlay","decl":{"start":{"line":23,"column":9},"end":{"line":23,"column":23}},"loc":{"start":{"line":23,"column":102},"end":{"line":34,"column":null}},"line":23},"5":{"name":"DialogContent","decl":{"start":{"line":36,"column":9},"end":{"line":36,"column":23}},"loc":{"start":{"line":43,"column":3},"end":{"line":68,"column":null}},"line":43},"6":{"name":"DialogHeader","decl":{"start":{"line":70,"column":9},"end":{"line":70,"column":22}},"loc":{"start":{"line":70,"column":76},"end":{"line":78,"column":null}},"line":70},"7":{"name":"DialogFooter","decl":{"start":{"line":80,"column":9},"end":{"line":80,"column":22}},"loc":{"start":{"line":80,"column":76},"end":{"line":88,"column":null}},"line":80},"8":{"name":"DialogTitle","decl":{"start":{"line":90,"column":9},"end":{"line":90,"column":21}},"loc":{"start":{"line":90,"column":98},"end":{"line":98,"column":null}},"line":90},"9":{"name":"DialogDescription","decl":{"start":{"line":100,"column":9},"end":{"line":100,"column":27}},"loc":{"start":{"line":100,"column":110},"end":{"line":108,"column":null}},"line":100}},"branchMap":{"0":{"loc":{"start":{"line":39,"column":2},"end":{"line":39,"column":null}},"type":"default-arg","locations":[{"start":{"line":39,"column":20},"end":{"line":39,"column":null}}],"line":39},"1":{"loc":{"start":{"line":56,"column":9},"end":{"line":63,"column":null}},"type":"binary-expr","locations":[{"start":{"line":56,"column":9},"end":{"line":56,"column":null}},{"start":{"line":57,"column":10},"end":{"line":63,"column":null}}],"line":56}},"s":{"0":0,"1":0,"2":0,"3":0,"4":0,"5":0,"6":0,"7":0,"8":0,"9":0},"f":{"0":0,"1":0,"2":0,"3":0,"4":0,"5":0,"6":0,"7":0,"8":0,"9":0},"b":{"0":[0],"1":[0,0]},"meta":{"lastBranch":2,"lastFunction":10,"lastStatement":10,"seen":{"f:7:9:7:16":0,"s:8:2:8:Infinity":0,"f:11:9:11:23":1,"s:12:2:12:Infinity":1,"f:15:9:15:22":2,"s:16:2:16:Infinity":2,"f:19:9:19:21":3,"s:20:2:20:Infinity":3,"f:23:9:23:23":4,"s:24:2:32:Infinity":4,"f:36:9:36:23":5,"b:39:20:39:Infinity":0,"s:44:2:66:Infinity":5,"b:56:9:56:Infinity:57:10:63:Infinity":1,"f:70:9:70:22":6,"s:71:2:76:Infinity":6,"f:80:9:80:22":7,"s:81:2:86:Infinity":7,"f:90:9:90:21":8,"s:91:2:96:Infinity":8,"f:100:9:100:27":9,"s:101:2:106:Infinity":9}}}
,"C:\\Users\\ma177\\PycharmProjects\\10x-project\\src\\components\\ui\\dropdown-menu.tsx": {"path":"C:\\Users\\ma177\\PycharmProjects\\10x-project\\src\\components\\ui\\dropdown-menu.tsx","statementMap":{"0":{"start":{"line":7,"column":0},"end":{"line":7,"column":null}},"1":{"start":{"line":9,"column":21},"end":{"line":9,"column":null}},"2":{"start":{"line":11,"column":28},"end":{"line":11,"column":null}},"3":{"start":{"line":13,"column":26},"end":{"line":13,"column":null}},"4":{"start":{"line":15,"column":27},"end":{"line":15,"column":null}},"5":{"start":{"line":17,"column":24},"end":{"line":17,"column":null}},"6":{"start":{"line":19,"column":31},"end":{"line":19,"column":null}},"7":{"start":{"line":21,"column":31},"end":{"line":39,"column":null}},"8":{"start":{"line":27,"column":2},"end":{"line":38,"column":null}},"9":{"start":{"line":40,"column":0},"end":{"line":40,"column":null}},"10":{"start":{"line":42,"column":31},"end":{"line":54,"column":null}},"11":{"start":{"line":46,"column":2},"end":{"line":53,"column":null}},"12":{"start":{"line":55,"column":0},"end":{"line":55,"column":null}},"13":{"start":{"line":57,"column":28},"end":{"line":72,"column":null}},"14":{"start":{"line":61,"column":2},"end":{"line":71,"column":null}},"15":{"start":{"line":73,"column":0},"end":{"line":73,"column":null}},"16":{"start":{"line":75,"column":25},"end":{"line":90,"column":null}},"17":{"start":{"line":81,"column":2},"end":{"line":89,"column":null}},"18":{"start":{"line":91,"column":0},"end":{"line":91,"column":null}},"19":{"start":{"line":93,"column":33},"end":{"line":113,"column":null}},"20":{"start":{"line":97,"column":2},"end":{"line":112,"column":null}},"21":{"start":{"line":114,"column":0},"end":{"line":114,"column":null}},"22":{"start":{"line":116,"column":30},"end":{"line":135,"column":null}},"23":{"start":{"line":120,"column":2},"end":{"line":134,"column":null}},"24":{"start":{"line":136,"column":0},"end":{"line":136,"column":null}},"25":{"start":{"line":138,"column":26},"end":{"line":149,"column":null}},"26":{"start":{"line":144,"column":2},"end":{"line":148,"column":null}},"27":{"start":{"line":150,"column":0},"end":{"line":150,"column":null}},"28":{"start":{"line":152,"column":30},"end":{"line":157,"column":null}},"29":{"start":{"line":156,"column":2},"end":{"line":156,"column":null}},"30":{"start":{"line":158,"column":0},"end":{"line":158,"column":null}},"31":{"start":{"line":160,"column":29},"end":{"line":162,"column":null}},"32":{"start":{"line":161,"column":2},"end":{"line":161,"column":null}},"33":{"start":{"line":163,"column":0},"end":{"line":163,"column":null}}},"fnMap":{"0":{"name":"(anonymous_0)","decl":{"start":{"line":26,"column":2},"end":{"line":26,"column":3}},"loc":{"start":{"line":27,"column":2},"end":{"line":38,"column":null}},"line":27},"1":{"name":"(anonymous_1)","decl":{"start":{"line":45,"column":2},"end":{"line":45,"column":3}},"loc":{"start":{"line":46,"column":2},"end":{"line":53,"column":null}},"line":46},"2":{"name":"(anonymous_2)","decl":{"start":{"line":60,"column":2},"end":{"line":60,"column":3}},"loc":{"start":{"line":61,"column":2},"end":{"line":71,"column":null}},"line":61},"3":{"name":"(anonymous_3)","decl":{"start":{"line":80,"column":2},"end":{"line":80,"column":3}},"loc":{"start":{"line":81,"column":2},"end":{"line":89,"column":null}},"line":81},"4":{"name":"(anonymous_4)","decl":{"start":{"line":96,"column":2},"end":{"line":96,"column":3}},"loc":{"start":{"line":97,"column":2},"end":{"line":112,"column":null}},"line":97},"5":{"name":"(anonymous_5)","decl":{"start":{"line":119,"column":2},"end":{"line":119,"column":3}},"loc":{"start":{"line":120,"column":2},"end":{"line":134,"column":null}},"line":120},"6":{"name":"(anonymous_6)","decl":{"start":{"line":143,"column":2},"end":{"line":143,"column":3}},"loc":{"start":{"line":144,"column":2},"end":{"line":148,"column":null}},"line":144},"7":{"name":"(anonymous_7)","decl":{"start":{"line":155,"column":2},"end":{"line":155,"column":3}},"loc":{"start":{"line":156,"column":2},"end":{"line":156,"column":null}},"line":156},"8":{"name":"(anonymous_8)","decl":{"start":{"line":160,"column":29},"end":{"line":160,"column":30}},"loc":{"start":{"line":160,"column":97},"end":{"line":162,"column":null}},"line":160}},"branchMap":{"0":{"loc":{"start":{"line":31,"column":6},"end":{"line":31,"column":null}},"type":"binary-expr","locations":[{"start":{"line":31,"column":6},"end":{"line":31,"column":15}},{"start":{"line":31,"column":15},"end":{"line":31,"column":null}}],"line":31},"1":{"loc":{"start":{"line":60,"column":16},"end":{"line":60,"column":32}},"type":"default-arg","locations":[{"start":{"line":60,"column":29},"end":{"line":60,"column":32}}],"line":60},"2":{"loc":{"start":{"line":85,"column":6},"end":{"line":85,"column":null}},"type":"binary-expr","locations":[{"start":{"line":85,"column":6},"end":{"line":85,"column":15}},{"start":{"line":85,"column":15},"end":{"line":85,"column":null}}],"line":85},"3":{"loc":{"start":{"line":146,"column":55},"end":{"line":146,"column":72}},"type":"binary-expr","locations":[{"start":{"line":146,"column":55},"end":{"line":146,"column":64}},{"start":{"line":146,"column":64},"end":{"line":146,"column":72}}],"line":146}},"s":{"0":1,"1":1,"2":1,"3":1,"4":1,"5":1,"6":1,"7":1,"8":0,"9":1,"10":1,"11":0,"12":1,"13":1,"14":0,"15":1,"16":1,"17":0,"18":1,"19":1,"20":0,"21":1,"22":1,"23":0,"24":1,"25":1,"26":0,"27":1,"28":1,"29":0,"30":1,"31":1,"32":0,"33":1},"f":{"0":0,"1":0,"2":0,"3":0,"4":0,"5":0,"6":0,"7":0,"8":0},"b":{"0":[0,0],"1":[0],"2":[0,0],"3":[0,0]},"meta":{"lastBranch":4,"lastFunction":9,"lastStatement":34,"seen":{"s:7:0:7:Infinity":0,"s:9:21:9:Infinity":1,"s:11:28:11:Infinity":2,"s:13:26:13:Infinity":3,"s:15:27:15:Infinity":4,"s:17:24:17:Infinity":5,"s:19:31:19:Infinity":6,"s:21:31:39:Infinity":7,"f:26:2:26:3":0,"s:27:2:38:Infinity":8,"b:31:6:31:15:31:15:31:Infinity":0,"s:40:0:40:Infinity":9,"s:42:31:54:Infinity":10,"f:45:2:45:3":1,"s:46:2:53:Infinity":11,"s:55:0:55:Infinity":12,"s:57:28:72:Infinity":13,"f:60:2:60:3":2,"s:61:2:71:Infinity":14,"b:60:29:60:32":1,"s:73:0:73:Infinity":15,"s:75:25:90:Infinity":16,"f:80:2:80:3":3,"s:81:2:89:Infinity":17,"b:85:6:85:15:85:15:85:Infinity":2,"s:91:0:91:Infinity":18,"s:93:33:113:Infinity":19,"f:96:2:96:3":4,"s:97:2:112:Infinity":20,"s:114:0:114:Infinity":21,"s:116:30:135:Infinity":22,"f:119:2:119:3":5,"s:120:2:134:Infinity":23,"s:136:0:136:Infinity":24,"s:138:26:149:Infinity":25,"f:143:2:143:3":6,"s:144:2:148:Infinity":26,"b:146:55:146:64:146:64:146:72":3,"s:150:0:150:Infinity":27,"s:152:30:157:Infinity":28,"f:155:2:155:3":7,"s:156:2:156:Infinity":29,"s:158:0:158:Infinity":30,"s:160:29:162:Infinity":31,"f:160:29:160:30":8,"s:161:2:161:Infinity":32,"s:163:0:163:Infinity":33}}}
,"C:\\Users\\ma177\\PycharmProjects\\10x-project\\src\\components\\ui\\form.tsx": {"path":"C:\\Users\\ma177\\PycharmProjects\\10x-project\\src\\components\\ui\\form.tsx","statementMap":{"0":{"start":{"line":16,"column":0},"end":{"line":16,"column":null}},"1":{"start":{"line":18,"column":13},"end":{"line":18,"column":null}},"2":{"start":{"line":27,"column":25},"end":{"line":27,"column":null}},"3":{"start":{"line":29,"column":18},"end":{"line":40,"column":null}},"4":{"start":{"line":35,"column":2},"end":{"line":38,"column":null}},"5":{"start":{"line":42,"column":21},"end":{"line":63,"column":null}},"6":{"start":{"line":43,"column":23},"end":{"line":43,"column":null}},"7":{"start":{"line":44,"column":22},"end":{"line":44,"column":null}},"8":{"start":{"line":45,"column":35},"end":{"line":45,"column":null}},"9":{"start":{"line":47,"column":21},"end":{"line":47,"column":null}},"10":{"start":{"line":49,"column":2},"end":{"line":51,"column":null}},"11":{"start":{"line":50,"column":4},"end":{"line":50,"column":null}},"12":{"start":{"line":53,"column":17},"end":{"line":53,"column":null}},"13":{"start":{"line":55,"column":2},"end":{"line":62,"column":null}},"14":{"start":{"line":69,"column":24},"end":{"line":69,"column":null}},"15":{"start":{"line":71,"column":17},"end":{"line":81,"column":null}},"16":{"start":{"line":73,"column":15},"end":{"line":73,"column":null}},"17":{"start":{"line":75,"column":4},"end":{"line":78,"column":null}},"18":{"start":{"line":82,"column":0},"end":{"line":82,"column":null}},"19":{"start":{"line":84,"column":18},"end":{"line":91,"column":null}},"20":{"start":{"line":88,"column":32},"end":{"line":88,"column":null}},"21":{"start":{"line":90,"column":2},"end":{"line":90,"column":null}},"22":{"start":{"line":92,"column":0},"end":{"line":92,"column":null}},"23":{"start":{"line":94,"column":20},"end":{"line":108,"column":null}},"24":{"start":{"line":96,"column":68},"end":{"line":96,"column":null}},"25":{"start":{"line":98,"column":4},"end":{"line":105,"column":null}},"26":{"start":{"line":109,"column":0},"end":{"line":109,"column":null}},"27":{"start":{"line":111,"column":24},"end":{"line":119,"column":null}},"28":{"start":{"line":113,"column":34},"end":{"line":113,"column":null}},"29":{"start":{"line":115,"column":4},"end":{"line":116,"column":null}},"30":{"start":{"line":120,"column":0},"end":{"line":120,"column":null}},"31":{"start":{"line":122,"column":20},"end":{"line":142,"column":null}},"32":{"start":{"line":124,"column":37},"end":{"line":124,"column":null}},"33":{"start":{"line":125,"column":17},"end":{"line":125,"column":null}},"34":{"start":{"line":127,"column":4},"end":{"line":129,"column":null}},"35":{"start":{"line":128,"column":6},"end":{"line":128,"column":null}},"36":{"start":{"line":131,"column":4},"end":{"line":139,"column":null}},"37":{"start":{"line":143,"column":0},"end":{"line":143,"column":null}}},"fnMap":{"0":{"name":"(anonymous_0)","decl":{"start":{"line":29,"column":18},"end":{"line":29,"column":null}},"loc":{"start":{"line":34,"column":44},"end":{"line":40,"column":null}},"line":34},"1":{"name":"(anonymous_1)","decl":{"start":{"line":42,"column":21},"end":{"line":42,"column":27}},"loc":{"start":{"line":42,"column":27},"end":{"line":63,"column":null}},"line":42},"2":{"name":"(anonymous_2)","decl":{"start":{"line":72,"column":2},"end":{"line":72,"column":3}},"loc":{"start":{"line":72,"column":36},"end":{"line":80,"column":null}},"line":72},"3":{"name":"(anonymous_3)","decl":{"start":{"line":87,"column":2},"end":{"line":87,"column":3}},"loc":{"start":{"line":87,"column":36},"end":{"line":91,"column":1}},"line":87},"4":{"name":"(anonymous_4)","decl":{"start":{"line":95,"column":2},"end":{"line":95,"column":3}},"loc":{"start":{"line":95,"column":25},"end":{"line":107,"column":null}},"line":95},"5":{"name":"(anonymous_5)","decl":{"start":{"line":112,"column":2},"end":{"line":112,"column":3}},"loc":{"start":{"line":112,"column":36},"end":{"line":118,"column":null}},"line":112},"6":{"name":"(anonymous_6)","decl":{"start":{"line":123,"column":2},"end":{"line":123,"column":3}},"loc":{"start":{"line":123,"column":46},"end":{"line":141,"column":null}},"line":123}},"branchMap":{"0":{"loc":{"start":{"line":49,"column":2},"end":{"line":51,"column":null}},"type":"if","locations":[{"start":{"line":49,"column":2},"end":{"line":51,"column":null}},{"start":{},"end":{}}],"line":49},"1":{"loc":{"start":{"line":90,"column":40},"end":{"line":90,"column":69}},"type":"binary-expr","locations":[{"start":{"line":90,"column":40},"end":{"line":90,"column":49}},{"start":{"line":90,"column":49},"end":{"line":90,"column":69}}],"line":90},"2":{"loc":{"start":{"line":102,"column":26},"end":{"line":102,"column":null}},"type":"cond-expr","locations":[{"start":{"line":102,"column":35},"end":{"line":102,"column":60}},{"start":{"line":102,"column":60},"end":{"line":102,"column":null}}],"line":102},"3":{"loc":{"start":{"line":125,"column":17},"end":{"line":125,"column":null}},"type":"cond-expr","locations":[{"start":{"line":125,"column":25},"end":{"line":125,"column":50}},{"start":{"line":125,"column":50},"end":{"line":125,"column":null}}],"line":125},"4":{"loc":{"start":{"line":127,"column":4},"end":{"line":129,"column":null}},"type":"if","locations":[{"start":{"line":127,"column":4},"end":{"line":129,"column":null}},{"start":{},"end":{}}],"line":127}},"s":{"0":1,"1":1,"2":1,"3":1,"4":0,"5":1,"6":0,"7":0,"8":0,"9":0,"10":0,"11":0,"12":0,"13":0,"14":1,"15":1,"16":0,"17":0,"18":1,"19":1,"20":0,"21":0,"22":1,"23":1,"24":0,"25":0,"26":1,"27":1,"28":0,"29":0,"30":1,"31":1,"32":0,"33":0,"34":0,"35":0,"36":0,"37":1},"f":{"0":0,"1":0,"2":0,"3":0,"4":0,"5":0,"6":0},"b":{"0":[0,0],"1":[0,0],"2":[0,0],"3":[0,0],"4":[0,0]},"meta":{"lastBranch":5,"lastFunction":7,"lastStatement":38,"seen":{"s:16:0:16:Infinity":0,"s:18:13:18:Infinity":1,"s:27:25:27:Infinity":2,"s:29:18:40:Infinity":3,"f:29:18:29:Infinity":0,"s:35:2:38:Infinity":4,"s:42:21:63:Infinity":5,"f:42:21:42:27":1,"s:43:23:43:Infinity":6,"s:44:22:44:Infinity":7,"s:45:35:45:Infinity":8,"s:47:21:47:Infinity":9,"b:49:2:51:Infinity:undefined:undefined:undefined:undefined":0,"s:49:2:51:Infinity":10,"s:50:4:50:Infinity":11,"s:53:17:53:Infinity":12,"s:55:2:62:Infinity":13,"s:69:24:69:Infinity":14,"s:71:17:81:Infinity":15,"f:72:2:72:3":2,"s:73:15:73:Infinity":16,"s:75:4:78:Infinity":17,"s:82:0:82:Infinity":18,"s:84:18:91:Infinity":19,"f:87:2:87:3":3,"s:88:32:88:Infinity":20,"s:90:2:90:Infinity":21,"b:90:40:90:49:90:49:90:69":1,"s:92:0:92:Infinity":22,"s:94:20:108:Infinity":23,"f:95:2:95:3":4,"s:96:68:96:Infinity":24,"s:98:4:105:Infinity":25,"b:102:35:102:60:102:60:102:Infinity":2,"s:109:0:109:Infinity":26,"s:111:24:119:Infinity":27,"f:112:2:112:3":5,"s:113:34:113:Infinity":28,"s:115:4:116:Infinity":29,"s:120:0:120:Infinity":30,"s:122:20:142:Infinity":31,"f:123:2:123:3":6,"s:124:37:124:Infinity":32,"s:125:17:125:Infinity":33,"b:125:25:125:50:125:50:125:Infinity":3,"b:127:4:129:Infinity:undefined:undefined:undefined:undefined":4,"s:127:4:129:Infinity":34,"s:128:6:128:Infinity":35,"s:131:4:139:Infinity":36,"s:143:0:143:Infinity":37}}}
,"C:\\Users\\ma177\\PycharmProjects\\10x-project\\src\\components\\ui\\input.tsx": {"path":"C:\\Users\\ma177\\PycharmProjects\\10x-project\\src\\components\\ui\\input.tsx","statementMap":{"0":{"start":{"line":6,"column":2},"end":{"line":17,"column":null}}},"fnMap":{"0":{"name":"Input","decl":{"start":{"line":5,"column":9},"end":{"line":5,"column":15}},"loc":{"start":{"line":5,"column":77},"end":{"line":19,"column":null}},"line":5}},"branchMap":{},"s":{"0":2},"f":{"0":2},"b":{},"meta":{"lastBranch":0,"lastFunction":1,"lastStatement":1,"seen":{"f:5:9:5:15":0,"s:6:2:17:Infinity":0}}}
,"C:\\Users\\ma177\\PycharmProjects\\10x-project\\src\\components\\ui\\label.tsx": {"path":"C:\\Users\\ma177\\PycharmProjects\\10x-project\\src\\components\\ui\\label.tsx","statementMap":{"0":{"start":{"line":7,"column":0},"end":{"line":7,"column":null}},"1":{"start":{"line":9,"column":6},"end":{"line":9,"column":null}},"2":{"start":{"line":11,"column":14},"end":{"line":16,"column":null}},"3":{"start":{"line":15,"column":2},"end":{"line":15,"column":null}},"4":{"start":{"line":17,"column":0},"end":{"line":17,"column":null}}},"fnMap":{"0":{"name":"(anonymous_0)","decl":{"start":{"line":14,"column":2},"end":{"line":14,"column":3}},"loc":{"start":{"line":15,"column":2},"end":{"line":15,"column":null}},"line":15}},"branchMap":{},"s":{"0":2,"1":2,"2":2,"3":2,"4":2},"f":{"0":2},"b":{},"meta":{"lastBranch":0,"lastFunction":1,"lastStatement":5,"seen":{"s:7:0:7:Infinity":0,"s:9:6:9:Infinity":1,"s:11:14:16:Infinity":2,"f:14:2:14:3":0,"s:15:2:15:Infinity":3,"s:17:0:17:Infinity":4}}}
,"C:\\Users\\ma177\\PycharmProjects\\10x-project\\src\\components\\ui\\textarea.tsx": {"path":"C:\\Users\\ma177\\PycharmProjects\\10x-project\\src\\components\\ui\\textarea.tsx","statementMap":{"0":{"start":{"line":6,"column":2},"end":{"line":14,"column":null}}},"fnMap":{"0":{"name":"Textarea","decl":{"start":{"line":5,"column":9},"end":{"line":5,"column":18}},"loc":{"start":{"line":5,"column":77},"end":{"line":16,"column":null}},"line":5}},"branchMap":{},"s":{"0":4},"f":{"0":4},"b":{},"meta":{"lastBranch":0,"lastFunction":1,"lastStatement":1,"seen":{"f:5:9:5:18":0,"s:6:2:14:Infinity":0}}}
,"C:\\Users\\ma177\\PycharmProjects\\10x-project\\src\\lib\\utils.ts": {"path":"C:\\Users\\ma177\\PycharmProjects\\10x-project\\src\\lib\\utils.ts","statementMap":{"0":{"start":{"line":5,"column":2},"end":{"line":5,"column":null}}},"fnMap":{"0":{"name":"cn","decl":{"start":{"line":4,"column":16},"end":{"line":4,"column":22}},"loc":{"start":{"line":4,"column":44},"end":{"line":6,"column":null}},"line":4}},"branchMap":{},"s":{"0":19},"f":{"0":19},"b":{},"meta":{"lastBranch":0,"lastFunction":1,"lastStatement":1,"seen":{"f:4:16:4:22":0,"s:5:2:5:Infinity":0}}}
,"C:\\Users\\ma177\\PycharmProjects\\10x-project\\src\\pages\\api\\auth\\login.ts": {"path":"C:\\Users\\ma177\\PycharmProjects\\10x-project\\src\\pages\\api\\auth\\login.ts","statementMap":{"0":{"start":{"line":6,"column":20},"end":{"line":9,"column":null}},"1":{"start":{"line":13,"column":19},"end":{"line":13,"column":null}},"2":{"start":{"line":15,"column":4},"end":{"line":17,"column":null}},"3":{"start":{"line":16,"column":6},"end":{"line":16,"column":null}},"4":{"start":{"line":19,"column":22},"end":{"line":19,"column":null}},"5":{"start":{"line":21,"column":4},"end":{"line":23,"column":null}},"6":{"start":{"line":22,"column":6},"end":{"line":22,"column":null}},"7":{"start":{"line":25,"column":4},"end":{"line":25,"column":null}},"8":{"start":{"line":29,"column":30},"end":{"line":38,"column":null}},"9":{"start":{"line":30,"column":2},"end":{"line":37,"column":null}},"10":{"start":{"line":31,"column":24},"end":{"line":31,"column":null}},"11":{"start":{"line":32,"column":17},"end":{"line":32,"column":null}},"12":{"start":{"line":34,"column":4},"end":{"line":34,"column":null}},"13":{"start":{"line":36,"column":4},"end":{"line":36,"column":null}}},"fnMap":{"0":{"name":"(anonymous_0)","decl":{"start":{"line":12,"column":8},"end":{"line":12,"column":14}},"loc":{"start":{"line":12,"column":29},"end":{"line":26,"column":null}},"line":12},"1":{"name":"(anonymous_1)","decl":{"start":{"line":29,"column":30},"end":{"line":29,"column":37}},"loc":{"start":{"line":29,"column":61},"end":{"line":38,"column":null}},"line":29}},"branchMap":{"0":{"loc":{"start":{"line":15,"column":4},"end":{"line":17,"column":null}},"type":"if","locations":[{"start":{"line":15,"column":4},"end":{"line":17,"column":null}},{"start":{},"end":{}}],"line":15},"1":{"loc":{"start":{"line":21,"column":4},"end":{"line":23,"column":null}},"type":"if","locations":[{"start":{"line":21,"column":4},"end":{"line":23,"column":null}},{"start":{},"end":{}}],"line":21}},"s":{"0":1,"1":1,"2":1,"3":1,"4":0,"5":0,"6":0,"7":0,"8":1,"9":1,"10":1,"11":1,"12":1,"13":0},"f":{"0":1,"1":1},"b":{"0":[1,0],"1":[0,0]},"meta":{"lastBranch":2,"lastFunction":2,"lastStatement":14,"seen":{"s:6:20:9:Infinity":0,"f:12:8:12:14":0,"s:13:19:13:Infinity":1,"b:15:4:17:Infinity:undefined:undefined:undefined:undefined":0,"s:15:4:17:Infinity":2,"s:16:6:16:Infinity":3,"s:19:22:19:Infinity":4,"b:21:4:23:Infinity:undefined:undefined:undefined:undefined":1,"s:21:4:23:Infinity":5,"s:22:6:22:Infinity":6,"s:25:4:25:Infinity":7,"s:29:30:38:Infinity":8,"f:29:30:29:37":1,"s:30:2:37:Infinity":9,"s:31:24:31:Infinity":10,"s:32:17:32:Infinity":11,"s:34:4:34:Infinity":12,"s:36:4:36:Infinity":13}}}
}
